<component name="libraryTable">
  <library name="junit-4">
    <CLASSES>
      <root url="jar://$PROJECT_DIR$/lib/assertj-core-3.11.1.jar!/" />
      <root url="jar://$PROJECT_DIR$/lib/hamcrest-core-1.3.jar!/" />
      <root url="file://$PROJECT_DIR$/lib/junit-4.12" />
      <root url="file://$PROJECT_DIR$/lib/selenium-3.14.0" />
    </CLASSES>
    <JAVADOC />
    <SOURCES>
      <root url="file://$PROJECT_DIR$/lib/junit-4.12" />
    </SOURCES>
    <jarDirectory url="file://$PROJECT_DIR$/lib/junit-4.12" recursive="false" />
    <jarDirectory url="file://$PROJECT_DIR$/lib/selenium-3.14.0" recursive="false" />
    <jarDirectory url="file://$PROJECT_DIR$/lib/junit-4.12" recursive="false" type="SOURCES" />
  </library>
</component>